TN:
SF:02-ratelimitter.js
FNF:0
FNH:0
DA:1,1
DA:2,1
DA:3,1
DA:4,1
DA:5,1
DA:6,1
DA:7,1
DA:8,1
DA:9,1
DA:10,1
DA:11,1
DA:12,1
DA:13,1
DA:14,1
DA:15,1
DA:16,1
DA:17,2
DA:18,1
DA:19,1
DA:20,1
DA:21,1
DA:22,1
DA:23,13
DA:24,13
DA:25,13
DA:26,11
DA:27,4
DA:28,4
DA:29,4
DA:30,7
DA:31,11
DA:32,2
DA:33,2
DA:34,2
DA:35,2
DA:36,1
DA:37,1
DA:38,1
DA:39,1
DA:40,6
DA:41,1
DA:42,1
DA:43,1
DA:44,0
DA:45,1
DA:46,1
DA:47,1
DA:48,1
DA:49,1
DA:50,1
DA:51,1
LF:51
LH:50
BRDA:16,0,0,2
BRDA:22,1,0,13
BRDA:25,2,0,11
BRDA:26,3,0,4
BRDA:30,4,0,7
BRDA:32,5,0,2
BRDA:39,6,0,6
BRDA:47,7,0,1
BRF:8
BRH:8
end_of_record
